# JRE version: OpenJDK Runtime Environment Corretto-20.0.2.10.1 (20.0.2.1+10) (build 20.0.2.1+10-FR)
# Java VM: OpenJDK 64-Bit Server VM Corretto-20.0.2.10.1 (20.0.2.1+10-FR, mixed mode, sharing, tiered, compressed oops, compressed class ptrs, g1 gc, windows-amd64)
GC Precious Log:
 CardTable entry size: 512
 Card Set container configuration: InlinePtr #cards 4 size 8 Array Of Cards #cards 32 size 80 Howl #buckets 8 coarsen threshold 7372 Howl Bitmap #cards 1024 size 144 coarsen threshold 921 Card regions per heap region 1 cards per card region 8192
 CPUs: 8 total, 8 available
 Memory: 32602M
 Large Page Support: Disabled
 NUMA Support: Disabled
 Compressed Oops: Enabled (Zero based)
 Heap Region Size: 4M
 Heap Min Capacity: 8M
 Heap Initial Capacity: 512M
 Heap Max Capacity: 8152M
 Pre-touch: Disabled
 Parallel Workers: 8
 Concurrent Workers: 2
 Concurrent Refinement Workers: 8
 Periodic GC: Disabled
Heap:
 garbage-first heap   total 1073152K, used 869698K [0x0000000602800000, 0x0000000800000000)
  region size 4096K, 124 young (507904K), 14 survivors (57344K)
 Metaspace       used 45758K, committed 46272K, reserved 1114112K
  class space    used 5527K, committed 5760K, reserved 1048576K
GC Heap History (20 events):
Event: 6.467 GC heap before
{Heap before GC invocations=21 (full 0):
 garbage-first heap   total 733184K, used 647119K [0x0000000602800000, 0x0000000800000000)
  region size 4096K, 96 young (393216K), 10 survivors (40960K)
 Metaspace       used 41855K, committed 42240K, reserved 1114112K
  class space    used 5143K, committed 5312K, reserved 1048576K
}
Event: 6.472 GC heap after
{Heap after GC invocations=22 (full 0):
 garbage-first heap   total 733184K, used 301498K [0x0000000602800000, 0x0000000800000000)
  region size 4096K, 8 young (32768K), 8 survivors (32768K)
 Metaspace       used 41855K, committed 42240K, reserved 1114112K
  class space    used 5143K, committed 5312K, reserved 1048576K
}
Event: 6.580 GC heap before
{Heap before GC invocations=23 (full 0):
 garbage-first heap   total 733184K, used 657850K [0x0000000602800000, 0x0000000800000000)
  region size 4096K, 95 young (389120K), 8 survivors (32768K)
 Metaspace       used 41855K, committed 42240K, reserved 1114112K
  class space    used 5143K, committed 5312K, reserved 1048576K
}
Event: 6.584 GC heap after
{Heap after GC invocations=24 (full 0):
 garbage-first heap   total 880640K, used 312063K [0x0000000602800000, 0x0000000800000000)
  region size 4096K, 9 young (36864K), 9 survivors (36864K)
 Metaspace       used 41855K, committed 42240K, reserved 1114112K
  class space    used 5143K, committed 5312K, reserved 1048576K
}
Event: 6.760 GC heap before
{Heap before GC invocations=24 (full 0):
 garbage-first heap   total 880640K, used 791295K [0x0000000602800000, 0x0000000800000000)
  region size 4096K, 126 young (516096K), 9 survivors (36864K)
 Metaspace       used 41855K, committed 42240K, reserved 1114112K
  class space    used 5143K, committed 5312K, reserved 1048576K
}
Event: 6.764 GC heap after
{Heap after GC invocations=25 (full 0):
 garbage-first heap   total 880640K, used 323618K [0x0000000602800000, 0x0000000800000000)
  region size 4096K, 12 young (49152K), 12 survivors (49152K)
 Metaspace       used 41855K, committed 42240K, reserved 1114112K
  class space    used 5143K, committed 5312K, reserved 1048576K
}
Event: 6.886 GC heap before
{Heap before GC invocations=25 (full 0):
 garbage-first heap   total 880640K, used 778274K [0x0000000602800000, 0x0000000800000000)
  region size 4096K, 123 young (503808K), 12 survivors (49152K)
 Metaspace       used 41856K, committed 42240K, reserved 1114112K
  class space    used 5143K, committed 5312K, reserved 1048576K
}
Event: 6.890 GC heap after
{Heap after GC invocations=26 (full 0):
 garbage-first heap   total 880640K, used 336866K [0x0000000602800000, 0x0000000800000000)
  region size 4096K, 10 young (40960K), 10 survivors (40960K)
 Metaspace       used 41856K, committed 42240K, reserved 1114112K
  class space    used 5143K, committed 5312K, reserved 1048576K
}
Event: 7.005 GC heap before
{Heap before GC invocations=27 (full 0):
 garbage-first heap   total 880640K, used 787426K [0x0000000602800000, 0x0000000800000000)
  region size 4096K, 120 young (491520K), 10 survivors (40960K)
 Metaspace       used 41856K, committed 42240K, reserved 1114112K
  class space    used 5143K, committed 5312K, reserved 1048576K
}
Event: 7.009 GC heap after
{Heap after GC invocations=28 (full 0):
 garbage-first heap   total 880640K, used 350924K [0x0000000602800000, 0x0000000800000000)
  region size 4096K, 11 young (45056K), 11 survivors (45056K)
 Metaspace       used 41856K, committed 42240K, reserved 1114112K
  class space    used 5143K, committed 5312K, reserved 1048576K
}
Event: 7.119 GC heap before
{Heap before GC invocations=28 (full 0):
 garbage-first heap   total 880640K, used 785100K [0x0000000602800000, 0x0000000800000000)
  region size 4096K, 117 young (479232K), 11 survivors (45056K)
 Metaspace       used 41856K, committed 42240K, reserved 1114112K
  class space    used 5143K, committed 5312K, reserved 1048576K
}
Event: 7.124 GC heap after
{Heap after GC invocations=29 (full 0):
 garbage-first heap   total 1073152K, used 358420K [0x0000000602800000, 0x0000000800000000)
  region size 4096K, 10 young (40960K), 10 survivors (40960K)
 Metaspace       used 41856K, committed 42240K, reserved 1114112K
  class space    used 5143K, committed 5312K, reserved 1048576K
}
Event: 7.325 GC heap before
{Heap before GC invocations=29 (full 0):
 garbage-first heap   total 1073152K, used 960532K [0x0000000602800000, 0x0000000800000000)
  region size 4096K, 157 young (643072K), 10 survivors (40960K)
 Metaspace       used 41856K, committed 42240K, reserved 1114112K
  class space    used 5143K, committed 5312K, reserved 1048576K
}
Event: 7.329 GC heap after
{Heap after GC invocations=30 (full 0):
 garbage-first heap   total 1073152K, used 377687K [0x0000000602800000, 0x0000000800000000)
  region size 4096K, 15 young (61440K), 15 survivors (61440K)
 Metaspace       used 41856K, committed 42240K, reserved 1114112K
  class space    used 5143K, committed 5312K, reserved 1048576K
}
Event: 7.480 GC heap before
{Heap before GC invocations=30 (full 0):
 garbage-first heap   total 1073152K, used 951127K [0x0000000602800000, 0x0000000800000000)
  region size 4096K, 155 young (634880K), 15 survivors (61440K)
 Metaspace       used 41856K, committed 42240K, reserved 1114112K
  class space    used 5143K, committed 5312K, reserved 1048576K
}
Event: 7.485 GC heap after
{Heap after GC invocations=31 (full 0):
 garbage-first heap   total 1073152K, used 395718K [0x0000000602800000, 0x0000000800000000)
  region size 4096K, 13 young (53248K), 13 survivors (53248K)
 Metaspace       used 41856K, committed 42240K, reserved 1114112K
  class space    used 5143K, committed 5312K, reserved 1048576K
}
Event: 7.682 GC heap before
{Heap before GC invocations=31 (full 0):
 garbage-first heap   total 1073152K, used 960966K [0x0000000602800000, 0x0000000800000000)
  region size 4096K, 151 young (618496K), 13 survivors (53248K)
 Metaspace       used 41856K, committed 42240K, reserved 1114112K
  class space    used 5143K, committed 5312K, reserved 1048576K
}
Event: 7.686 GC heap after
{Heap after GC invocations=32 (full 0):
 garbage-first heap   total 1073152K, used 410122K [0x0000000602800000, 0x0000000800000000)
  region size 4096K, 14 young (57344K), 14 survivors (57344K)
 Metaspace       used 41856K, committed 42240K, reserved 1114112K
  class space    used 5143K, committed 5312K, reserved 1048576K
}
Event: 7.859 GC heap before
{Heap before GC invocations=33 (full 0):
 garbage-first heap   total 1073152K, used 954890K [0x0000000602800000, 0x0000000800000000)
  region size 4096K, 147 young (602112K), 14 survivors (57344K)
 Metaspace       used 41857K, committed 42240K, reserved 1114112K
  class space    used 5143K, committed 5312K, reserved 1048576K
}
Event: 7.863 GC heap after
{Heap after GC invocations=34 (full 0):
 garbage-first heap   total 1073152K, used 427330K [0x0000000602800000, 0x0000000800000000)
  region size 4096K, 14 young (57344K), 14 survivors (57344K)
 Metaspace       used 41857K, committed 42240K, reserved 1114112K
  class space    used 5143K, committed 5312K, reserved 1048576K
}

